\BOOKMARK [0][-]{chapter.1}{\376\377\0001\000\040\000F\000i\000l\000e\000\040\000I\000n\000d\000e\000x}{}% 1
\BOOKMARK [1][-]{section.1.1}{\376\377\0001\000.\0001\000\040\000F\000i\000l\000e\000\040\000L\000i\000s\000t}{chapter.1}% 2
\BOOKMARK [0][-]{chapter.2}{\376\377\0002\000\040\000F\000i\000l\000e\000\040\000D\000o\000c\000u\000m\000e\000n\000t\000a\000t\000i\000o\000n}{}% 3
\BOOKMARK [1][-]{section.2.1}{\376\377\0002\000.\0001\000\040\000s\000r\000c\000/\000m\000a\000i\000n\000.\000c\000p\000p\000\040\000F\000i\000l\000e\000\040\000R\000e\000f\000e\000r\000e\000n\000c\000e}{chapter.2}% 4
\BOOKMARK [2][-]{subsection.2.1.1}{\376\377\0002\000.\0001\000.\0001\000\040\000D\000e\000t\000a\000i\000l\000e\000d\000\040\000D\000e\000s\000c\000r\000i\000p\000t\000i\000o\000n}{section.2.1}% 5
\BOOKMARK [2][-]{subsection.2.1.2}{\376\377\0002\000.\0001\000.\0002\000\040\000M\000a\000c\000r\000o\000\040\000D\000e\000f\000i\000n\000i\000t\000i\000o\000n\000\040\000D\000o\000c\000u\000m\000e\000n\000t\000a\000t\000i\000o\000n}{section.2.1}% 6
\BOOKMARK [3][-]{subsubsection.2.1.2.1}{\376\377\0002\000.\0001\000.\0002\000.\0001\000\040\000P\000R\000E\000S\000S\000U\000R\000E\000\137\000R\000E\000A\000D\000I\000N\000G\000S}{subsection.2.1.2}% 7
\BOOKMARK [3][-]{subsubsection.2.1.2.2}{\376\377\0002\000.\0001\000.\0002\000.\0002\000\040\000p\000r\000i\000n\000t\000\137\000s\000t\000a\000t\000e}{subsection.2.1.2}% 8
\BOOKMARK [2][-]{subsection.2.1.3}{\376\377\0002\000.\0001\000.\0003\000\040\000E\000n\000u\000m\000e\000r\000a\000t\000i\000o\000n\000\040\000T\000y\000p\000e\000\040\000D\000o\000c\000u\000m\000e\000n\000t\000a\000t\000i\000o\000n}{section.2.1}% 9
\BOOKMARK [3][-]{subsubsection.2.1.3.1}{\376\377\0002\000.\0001\000.\0003\000.\0001\000\040\000A\000C\000U\000\137\000S\000T\000A\000T\000E\000\137\000t}{subsection.2.1.3}% 10
\BOOKMARK [3][-]{subsubsection.2.1.3.2}{\376\377\0002\000.\0001\000.\0003\000.\0002\000\040\000A\000S\000\137\000S\000T\000A\000T\000E\000\137\000t}{subsection.2.1.3}% 11
\BOOKMARK [3][-]{subsubsection.2.1.3.3}{\376\377\0002\000.\0001\000.\0003\000.\0003\000\040\000c\000u\000r\000r\000e\000n\000t\000\137\000m\000i\000s\000s\000i\000o\000n\000\137\000t}{subsection.2.1.3}% 12
\BOOKMARK [3][-]{subsubsection.2.1.3.4}{\376\377\0002\000.\0001\000.\0003\000.\0004\000\040\000I\000N\000I\000T\000I\000A\000L\000\137\000S\000E\000Q\000U\000E\000N\000C\000E\000\137\000S\000T\000A\000T\000E\000\137\000t}{subsection.2.1.3}% 13
\BOOKMARK [2][-]{subsection.2.1.4}{\376\377\0002\000.\0001\000.\0004\000\040\000F\000u\000n\000c\000t\000i\000o\000n\000\040\000D\000o\000c\000u\000m\000e\000n\000t\000a\000t\000i\000o\000n}{section.2.1}% 14
\BOOKMARK [3][-]{subsubsection.2.1.4.1}{\376\377\0002\000.\0001\000.\0004\000.\0001\000\040\000A\000S\000S\000I\000\050\000\051}{subsection.2.1.4}% 15
\BOOKMARK [3][-]{subsubsection.2.1.4.2}{\376\377\0002\000.\0001\000.\0004\000.\0002\000\040\000c\000a\000n\000I\000S\000R\000\050\000\051}{subsection.2.1.4}% 16
\BOOKMARK [3][-]{subsubsection.2.1.4.3}{\376\377\0002\000.\0001\000.\0004\000.\0003\000\040\000c\000h\000e\000c\000k\000\137\000i\000g\000n\000i\000t\000i\000o\000n\000\050\000\051}{subsection.2.1.4}% 17
\BOOKMARK [3][-]{subsubsection.2.1.4.4}{\376\377\0002\000.\0001\000.\0004\000.\0004\000\040\000H\000a\000n\000d\000l\000e\000S\000t\000a\000t\000e\000\050\000\051}{subsection.2.1.4}% 18
\BOOKMARK [3][-]{subsubsection.2.1.4.5}{\376\377\0002\000.\0001\000.\0004\000.\0005\000\040\000i\000n\000i\000t\000i\000a\000l\000\137\000s\000e\000q\000u\000e\000n\000c\000e\000\050\000\051}{subsection.2.1.4}% 19
\BOOKMARK [3][-]{subsubsection.2.1.4.6}{\376\377\0002\000.\0001\000.\0004\000.\0006\000\040\000l\000e\000d\000\137\000h\000e\000a\000r\000t\000b\000i\000t\000\050\000\051}{subsection.2.1.4}% 20
\BOOKMARK [3][-]{subsubsection.2.1.4.7}{\376\377\0002\000.\0001\000.\0004\000.\0007\000\040\000l\000o\000o\000p\000\050\000\051}{subsection.2.1.4}% 21
\BOOKMARK [3][-]{subsubsection.2.1.4.8}{\376\377\0002\000.\0001\000.\0004\000.\0008\000\040\000m\000e\000d\000i\000a\000n\000\137\000p\000r\000e\000s\000s\000u\000r\000e\000s\000\050\000\051}{subsection.2.1.4}% 22
\BOOKMARK [3][-]{subsubsection.2.1.4.9}{\376\377\0002\000.\0001\000.\0004\000.\0009\000\040\000M\000i\000s\000s\000i\000o\000n\000\137\000I\000n\000d\000i\000c\000a\000t\000o\000r\000\050\000\051}{subsection.2.1.4}% 23
\BOOKMARK [3][-]{subsubsection.2.1.4.10}{\376\377\0002\000.\0001\000.\0004\000.\0001\0000\000\040\000p\000e\000r\000i\000p\000h\000e\000r\000a\000l\000\137\000i\000n\000i\000t\000\050\000\051}{subsection.2.1.4}% 24
\BOOKMARK [3][-]{subsubsection.2.1.4.11}{\376\377\0002\000.\0001\000.\0004\000.\0001\0001\000\040\000P\000r\000e\000s\000s\000u\000r\000e\000\137\000r\000e\000a\000d\000i\000n\000g\000s\000\050\000\051}{subsection.2.1.4}% 25
\BOOKMARK [3][-]{subsubsection.2.1.4.12}{\376\377\0002\000.\0001\000.\0004\000.\0001\0002\000\040\000p\000r\000i\000n\000t\000\137\000s\000t\000a\000t\000e\000\137\000t\000r\000a\000n\000s\000i\000t\000i\000o\000n\000\050\000\051}{subsection.2.1.4}% 26
\BOOKMARK [3][-]{subsubsection.2.1.4.13}{\376\377\0002\000.\0001\000.\0004\000.\0001\0003\000\040\000s\000e\000n\000d\000\137\000c\000a\000n\000\137\000m\000s\000g\000\050\000\051}{subsection.2.1.4}% 27
\BOOKMARK [3][-]{subsubsection.2.1.4.14}{\376\377\0002\000.\0001\000.\0004\000.\0001\0004\000\040\000s\000e\000t\000u\000p\000\050\000\051}{subsection.2.1.4}% 28
\BOOKMARK [3][-]{subsubsection.2.1.4.15}{\376\377\0002\000.\0001\000.\0004\000.\0001\0005\000\040\000U\000p\000d\000a\000t\000e\000S\000t\000a\000t\000e\000\050\000\051}{subsection.2.1.4}% 29
\BOOKMARK [2][-]{subsection.2.1.5}{\376\377\0002\000.\0001\000.\0005\000\040\000V\000a\000r\000i\000a\000b\000l\000e\000\040\000D\000o\000c\000u\000m\000e\000n\000t\000a\000t\000i\000o\000n}{section.2.1}% 30
\BOOKMARK [3][-]{subsubsection.2.1.5.1}{\376\377\0002\000.\0001\000.\0005\000.\0001\000\040\000a\000d\000c\000\137\000p\000o\000i\000n\000t\000e\000r}{subsection.2.1.5}% 31
\BOOKMARK [3][-]{subsubsection.2.1.5.2}{\376\377\0002\000.\0001\000.\0005\000.\0002\000\040\000a\000s\000\137\000s\000t\000a\000t\000e}{subsection.2.1.5}% 32
\BOOKMARK [3][-]{subsubsection.2.1.5.3}{\376\377\0002\000.\0001\000.\0005\000.\0003\000\040\000a\000s\000m\000s\000\137\000f\000l\000a\000g}{subsection.2.1.5}% 33
\BOOKMARK [3][-]{subsubsection.2.1.5.4}{\376\377\0002\000.\0001\000.\0005\000.\0004\000\040\000A\000S\000S\000I\000\137\000B\000L\000U\000E\000\137\000t\000i\000m\000e}{subsection.2.1.5}% 34
\BOOKMARK [3][-]{subsubsection.2.1.5.5}{\376\377\0002\000.\0001\000.\0005\000.\0005\000\040\000A\000S\000S\000I\000\137\000Y\000E\000L\000L\000O\000W\000\137\000t\000i\000m\000e}{subsection.2.1.5}% 35
\BOOKMARK [3][-]{subsubsection.2.1.5.6}{\376\377\0002\000.\0001\000.\0005\000.\0006\000\040\000C\000A\000N}{subsection.2.1.5}% 36
\BOOKMARK [3][-]{subsubsection.2.1.5.7}{\376\377\0002\000.\0001\000.\0005\000.\0007\000\040\000C\000A\000N\000\137\000T\000I\000M\000E\000R}{subsection.2.1.5}% 37
\BOOKMARK [3][-]{subsubsection.2.1.5.8}{\376\377\0002\000.\0001\000.\0005\000.\0008\000\040\000c\000u\000r\000r\000e\000n\000t\000\137\000m\000i\000s\000s\000i\000o\000n}{subsection.2.1.5}% 38
\BOOKMARK [3][-]{subsubsection.2.1.5.9}{\376\377\0002\000.\0001\000.\0005\000.\0009\000\040\000c\000u\000r\000r\000e\000n\000t\000\137\000s\000t\000a\000t\000e}{subsection.2.1.5}% 39
\BOOKMARK [3][-]{subsubsection.2.1.5.10}{\376\377\0002\000.\0001\000.\0005\000.\0001\0000\000\040\000E\000B\000S\000\137\000T\000A\000N\000K\000\137\000P\000R\000E\000S\000S\000U\000R\000E\000\137\000A\000\137\000v\000a\000l\000u\000e\000s}{subsection.2.1.5}% 40
\BOOKMARK [3][-]{subsubsection.2.1.5.11}{\376\377\0002\000.\0001\000.\0005\000.\0001\0001\000\040\000E\000B\000S\000\137\000T\000A\000N\000K\000\137\000P\000R\000E\000S\000S\000U\000R\000E\000\137\000B\000\137\000v\000a\000l\000u\000e\000s}{subsection.2.1.5}% 41
\BOOKMARK [3][-]{subsubsection.2.1.5.12}{\376\377\0002\000.\0001\000.\0005\000.\0001\0002\000\040\000e\000m\000e\000r\000g\000e\000n\000c\000y\000\137\000f\000l\000a\000g}{subsection.2.1.5}% 42
\BOOKMARK [3][-]{subsubsection.2.1.5.13}{\376\377\0002\000.\0001\000.\0005\000.\0001\0003\000\040\000e\000m\000e\000r\000g\000e\000n\000c\000y\000\137\000t\000i\000m\000e\000s\000t\000a\000m\000p}{subsection.2.1.5}% 43
\BOOKMARK [3][-]{subsubsection.2.1.5.14}{\376\377\0002\000.\0001\000.\0005\000.\0001\0004\000\040\000H\000e\000a\000r\000t\000B\000i\000t}{subsection.2.1.5}% 44
\BOOKMARK [3][-]{subsubsection.2.1.5.15}{\376\377\0002\000.\0001\000.\0005\000.\0001\0005\000\040\000H\000Y\000D\000R\000A\000U\000L\000I\000C\000\137\000P\000R\000E\000S\000S\000U\000R\000E\000\137\000F\000R\000O\000N\000T}{subsection.2.1.5}% 45
\BOOKMARK [3][-]{subsubsection.2.1.5.16}{\376\377\0002\000.\0001\000.\0005\000.\0001\0006\000\040\000H\000Y\000D\000R\000A\000U\000L\000I\000C\000\137\000P\000R\000E\000S\000S\000U\000R\000E\000\137\000R\000E\000A\000R}{subsection.2.1.5}% 46
\BOOKMARK [3][-]{subsubsection.2.1.5.17}{\376\377\0002\000.\0001\000.\0005\000.\0001\0007\000\040\000i\000g\000n\000i\000t\000i\000o\000n\000\137\000e\000n\000a\000b\000l\000e}{subsection.2.1.5}% 47
\BOOKMARK [3][-]{subsubsection.2.1.5.18}{\376\377\0002\000.\0001\000.\0005\000.\0001\0008\000\040\000i\000g\000n\000i\000t\000i\000o\000n\000\137\000f\000l\000a\000g}{subsection.2.1.5}% 48
\BOOKMARK [3][-]{subsubsection.2.1.5.19}{\376\377\0002\000.\0001\000.\0005\000.\0001\0009\000\040\000i\000g\000n\000i\000t\000i\000o\000n\000\137\000v\000c\000u}{subsection.2.1.5}% 49
\BOOKMARK [3][-]{subsubsection.2.1.5.20}{\376\377\0002\000.\0001\000.\0005\000.\0002\0000\000\040\000i\000n\000i\000t\000i\000a\000l\000\137\000s\000e\000q\000u\000e\000n\000c\000e\000\137\000s\000t\000a\000t\000e}{subsection.2.1.5}% 50
\BOOKMARK [3][-]{subsubsection.2.1.5.21}{\376\377\0002\000.\0001\000.\0005\000.\0002\0001\000\040\000j\000e\000t\000s\000o\000n\000\137\000m\000i\000s\000s\000i\000o\000n}{subsection.2.1.5}% 51
\BOOKMARK [3][-]{subsubsection.2.1.5.22}{\376\377\0002\000.\0001\000.\0005\000.\0002\0002\000\040\000l\000a\000s\000t\000\137\000b\000u\000t\000t\000o\000n\000\137\000t\000i\000m\000e\000\137\000m\000s}{subsection.2.1.5}% 52
\BOOKMARK [3][-]{subsubsection.2.1.5.23}{\376\377\0002\000.\0001\000.\0005\000.\0002\0003\000\040\000p\000r\000e\000s\000s\000u\000r\000e\000\137\000c\000h\000e\000c\000k\000\137\000d\000e\000l\000a\000y}{subsection.2.1.5}% 53
\BOOKMARK [3][-]{subsubsection.2.1.5.24}{\376\377\0002\000.\0001\000.\0005\000.\0002\0004\000\040\000P\000R\000E\000S\000S\000U\000R\000E\000\137\000T\000I\000M\000E\000R}{subsection.2.1.5}% 54
\BOOKMARK [3][-]{subsubsection.2.1.5.25}{\376\377\0002\000.\0001\000.\0005\000.\0002\0005\000\040\000p\000r\000e\000v\000i\000o\000u\000s\000\137\000s\000t\000a\000t\000e}{subsection.2.1.5}% 55
\BOOKMARK [3][-]{subsubsection.2.1.5.26}{\376\377\0002\000.\0001\000.\0005\000.\0002\0006\000\040\000r\000e\000s\000\137\000a\000c\000t\000i\000v\000e}{subsection.2.1.5}% 56
\BOOKMARK [3][-]{subsubsection.2.1.5.27}{\376\377\0002\000.\0001\000.\0005\000.\0002\0007\000\040\000r\000e\000s\000\137\000e\000m\000e\000r\000g\000e\000n\000c\000y}{subsection.2.1.5}% 57
\BOOKMARK [3][-]{subsubsection.2.1.5.28}{\376\377\0002\000.\0001\000.\0005\000.\0002\0008\000\040\000s\000t\000a\000t\000e\000\137\000n\000a\000m\000e\000s}{subsection.2.1.5}% 58
\BOOKMARK [3][-]{subsubsection.2.1.5.29}{\376\377\0002\000.\0001\000.\0005\000.\0002\0009\000\040\000T\000A\000N\000K\000\137\000P\000R\000E\000S\000S\000U\000R\000E\000\137\000F\000R\000O\000N\000T}{subsection.2.1.5}% 59
\BOOKMARK [3][-]{subsubsection.2.1.5.30}{\376\377\0002\000.\0001\000.\0005\000.\0003\0000\000\040\000T\000A\000N\000K\000\137\000P\000R\000E\000S\000S\000U\000R\000E\000\137\000R\000E\000A\000R}{subsection.2.1.5}% 60
\BOOKMARK [3][-]{subsubsection.2.1.5.31}{\376\377\0002\000.\0001\000.\0005\000.\0003\0001\000\040\000u\000p\000d\000a\000t\000e\000\137\000m\000e\000d\000i\000a\000n\000\137\000f\000l\000a\000g}{subsection.2.1.5}% 61
\BOOKMARK [3][-]{subsubsection.2.1.5.32}{\376\377\0002\000.\0001\000.\0005\000.\0003\0002\000\040\000w\000d\000t\000\137\000r\000e\000l\000a\000y\000\137\000t\000i\000m\000o\000u\000t}{subsection.2.1.5}% 62
\BOOKMARK [3][-]{subsubsection.2.1.5.33}{\376\377\0002\000.\0001\000.\0005\000.\0003\0003\000\040\000w\000d\000t\000\137\000t\000o\000g\000l\000e\000\137\000c\000o\000u\000n\000t\000e\000r}{subsection.2.1.5}% 63
\BOOKMARK [3][-]{subsubsection.2.1.5.34}{\376\377\0002\000.\0001\000.\0005\000.\0003\0004\000\040\000w\000d\000t\000\137\000t\000o\000g\000l\000e\000\137\000e\000n\000a\000b\000l\000e}{subsection.2.1.5}% 64
\BOOKMARK [0][-]{section*.5}{\376\377\000I\000n\000d\000e\000x}{}% 65
